CRITICAL - 2025-08-13 00:32:07 --> ParseError: syntax error, unexpected token ")", expecting variable or "{" or "$"
[Method: GET, Route: xsd]
in APPPATH\Controllers\XsdViewer.php on line 50.
 1 SYSTEMPATH\Autoloader\Autoloader.php(295): CodeIgniter\Autoloader\Autoloader->includeFile('E:\\Projeto\\HumaniDados\\v2\\app\\Controllers\\XsdViewer.php')
 2 SYSTEMPATH\Autoloader\Autoloader.php(271): CodeIgniter\Autoloader\Autoloader->loadInNamespace('App\\Controllers\\XsdViewer')
 3 [internal function]: CodeIgniter\Autoloader\Autoloader->loadClass('App\\Controllers\\XsdViewer')
 4 SYSTEMPATH\CodeIgniter.php(885): class_exists('\\App\\Controllers\\XsdViewer', true)
 5 SYSTEMPATH\CodeIgniter.php(494): CodeIgniter\CodeIgniter->startController()
 6 SYSTEMPATH\CodeIgniter.php(354): CodeIgniter\CodeIgniter->handleRequest(null, Object(Config\Cache), false)
 7 SYSTEMPATH\Boot.php(363): CodeIgniter\CodeIgniter->run()
 8 SYSTEMPATH\Boot.php(68): CodeIgniter\Boot::runCodeIgniter(Object(CodeIgniter\CodeIgniter))
 9 FCPATH\index.php(59): CodeIgniter\Boot::bootWeb(Object(Config\Paths))
CRITICAL - 2025-08-13 00:51:54 --> ErrorException: A void function must not return a value
[Method: GET, Route: xsd]
in APPPATH\Helpers\sisdoc_helper.php on line 81.
 1 [internal function]: CodeIgniter\Debug\Exceptions->shutdownHandler()
CRITICAL - 2025-08-13 00:59:21 --> Error: Call to undefined function App\Controllers\PRODUCAO_BIBLIOGRAFICA()
[Method: GET, Route: extract]
in APPPATH\Controllers\XsdViewer.php on line 75.
 1 SYSTEMPATH\CodeIgniter.php(933): App\Controllers\XsdViewer->extract()
 2 SYSTEMPATH\CodeIgniter.php(507): CodeIgniter\CodeIgniter->runController(Object(App\Controllers\XsdViewer))
 3 SYSTEMPATH\CodeIgniter.php(354): CodeIgniter\CodeIgniter->handleRequest(null, Object(Config\Cache), false)
 4 SYSTEMPATH\Boot.php(363): CodeIgniter\CodeIgniter->run()
 5 SYSTEMPATH\Boot.php(68): CodeIgniter\Boot::runCodeIgniter(Object(CodeIgniter\CodeIgniter))
 6 FCPATH\index.php(59): CodeIgniter\Boot::bootWeb(Object(Config\Paths))
CRITICAL - 2025-08-13 00:59:43 --> Error: Call to undefined function App\Controllers\PRODUCAO_BIBLIOGRAFICA()
[Method: GET, Route: extract]
in APPPATH\Controllers\XsdViewer.php on line 75.
 1 SYSTEMPATH\CodeIgniter.php(933): App\Controllers\XsdViewer->extract()
 2 SYSTEMPATH\CodeIgniter.php(507): CodeIgniter\CodeIgniter->runController(Object(App\Controllers\XsdViewer))
 3 SYSTEMPATH\CodeIgniter.php(354): CodeIgniter\CodeIgniter->handleRequest(null, Object(Config\Cache), false)
 4 SYSTEMPATH\Boot.php(363): CodeIgniter\CodeIgniter->run()
 5 SYSTEMPATH\Boot.php(68): CodeIgniter\Boot::runCodeIgniter(Object(CodeIgniter\CodeIgniter))
 6 FCPATH\index.php(59): CodeIgniter\Boot::bootWeb(Object(Config\Paths))
CRITICAL - 2025-08-13 00:59:44 --> Error: Call to undefined function App\Controllers\PRODUCAO_BIBLIOGRAFICA()
[Method: GET, Route: extract]
in APPPATH\Controllers\XsdViewer.php on line 75.
 1 SYSTEMPATH\CodeIgniter.php(933): App\Controllers\XsdViewer->extract()
 2 SYSTEMPATH\CodeIgniter.php(507): CodeIgniter\CodeIgniter->runController(Object(App\Controllers\XsdViewer))
 3 SYSTEMPATH\CodeIgniter.php(354): CodeIgniter\CodeIgniter->handleRequest(null, Object(Config\Cache), false)
 4 SYSTEMPATH\Boot.php(363): CodeIgniter\CodeIgniter->run()
 5 SYSTEMPATH\Boot.php(68): CodeIgniter\Boot::runCodeIgniter(Object(CodeIgniter\CodeIgniter))
 6 FCPATH\index.php(59): CodeIgniter\Boot::bootWeb(Object(Config\Paths))
CRITICAL - 2025-08-13 00:59:58 --> Error: Call to undefined function App\Controllers\PRODUCAO_BIBLIOGRAFICA()
[Method: GET, Route: extract]
in APPPATH\Controllers\XsdViewer.php on line 75.
 1 SYSTEMPATH\CodeIgniter.php(933): App\Controllers\XsdViewer->extract()
 2 SYSTEMPATH\CodeIgniter.php(507): CodeIgniter\CodeIgniter->runController(Object(App\Controllers\XsdViewer))
 3 SYSTEMPATH\CodeIgniter.php(354): CodeIgniter\CodeIgniter->handleRequest(null, Object(Config\Cache), false)
 4 SYSTEMPATH\Boot.php(363): CodeIgniter\CodeIgniter->run()
 5 SYSTEMPATH\Boot.php(68): CodeIgniter\Boot::runCodeIgniter(Object(CodeIgniter\CodeIgniter))
 6 FCPATH\index.php(59): CodeIgniter\Boot::bootWeb(Object(Config\Paths))
CRITICAL - 2025-08-13 00:59:59 --> Error: Call to undefined function App\Controllers\PRODUCAO_BIBLIOGRAFICA()
[Method: GET, Route: extract]
in APPPATH\Controllers\XsdViewer.php on line 75.
 1 SYSTEMPATH\CodeIgniter.php(933): App\Controllers\XsdViewer->extract()
 2 SYSTEMPATH\CodeIgniter.php(507): CodeIgniter\CodeIgniter->runController(Object(App\Controllers\XsdViewer))
 3 SYSTEMPATH\CodeIgniter.php(354): CodeIgniter\CodeIgniter->handleRequest(null, Object(Config\Cache), false)
 4 SYSTEMPATH\Boot.php(363): CodeIgniter\CodeIgniter->run()
 5 SYSTEMPATH\Boot.php(68): CodeIgniter\Boot::runCodeIgniter(Object(CodeIgniter\CodeIgniter))
 6 FCPATH\index.php(59): CodeIgniter\Boot::bootWeb(Object(Config\Paths))
CRITICAL - 2025-08-13 01:12:10 --> Error: Call to undefined method DOMNodeList::query()
[Method: GET, Route: extract]
in APPPATH\Helpers\lattes_helper.php on line 19.
 1 APPPATH\Controllers\XsdViewer.php(74): extrairArtigosPublicados('_repository/0007278260015680.xml')
 2 SYSTEMPATH\CodeIgniter.php(933): App\Controllers\XsdViewer->extract()
 3 SYSTEMPATH\CodeIgniter.php(507): CodeIgniter\CodeIgniter->runController(Object(App\Controllers\XsdViewer))
 4 SYSTEMPATH\CodeIgniter.php(354): CodeIgniter\CodeIgniter->handleRequest(null, Object(Config\Cache), false)
 5 SYSTEMPATH\Boot.php(363): CodeIgniter\CodeIgniter->run()
 6 SYSTEMPATH\Boot.php(68): CodeIgniter\Boot::runCodeIgniter(Object(CodeIgniter\CodeIgniter))
 7 FCPATH\index.php(59): CodeIgniter\Boot::bootWeb(Object(Config\Paths))
CRITICAL - 2025-08-13 01:12:19 --> Error: Call to undefined method DOMNodeList::query()
[Method: GET, Route: extract]
in APPPATH\Helpers\lattes_helper.php on line 19.
 1 APPPATH\Controllers\XsdViewer.php(74): extrairArtigosPublicados('_repository/0007278260015680.xml')
 2 SYSTEMPATH\CodeIgniter.php(933): App\Controllers\XsdViewer->extract()
 3 SYSTEMPATH\CodeIgniter.php(507): CodeIgniter\CodeIgniter->runController(Object(App\Controllers\XsdViewer))
 4 SYSTEMPATH\CodeIgniter.php(354): CodeIgniter\CodeIgniter->handleRequest(null, Object(Config\Cache), false)
 5 SYSTEMPATH\Boot.php(363): CodeIgniter\CodeIgniter->run()
 6 SYSTEMPATH\Boot.php(68): CodeIgniter\Boot::runCodeIgniter(Object(CodeIgniter\CodeIgniter))
 7 FCPATH\index.php(59): CodeIgniter\Boot::bootWeb(Object(Config\Paths))
CRITICAL - 2025-08-13 01:33:30 --> TypeError: extrairDados(): Return value must be of type array, none returned
[Method: GET, Route: extract]
in APPPATH\Helpers\lattes_helper.php on line 53.
 1 APPPATH\Controllers\XsdViewer.php(74): extrairDados('_repository/0004706603300740.xml')
 2 SYSTEMPATH\CodeIgniter.php(933): App\Controllers\XsdViewer->extract()
 3 SYSTEMPATH\CodeIgniter.php(507): CodeIgniter\CodeIgniter->runController(Object(App\Controllers\XsdViewer))
 4 SYSTEMPATH\CodeIgniter.php(354): CodeIgniter\CodeIgniter->handleRequest(null, Object(Config\Cache), false)
 5 SYSTEMPATH\Boot.php(363): CodeIgniter\CodeIgniter->run()
 6 SYSTEMPATH\Boot.php(68): CodeIgniter\Boot::runCodeIgniter(Object(CodeIgniter\CodeIgniter))
 7 FCPATH\index.php(59): CodeIgniter\Boot::bootWeb(Object(Config\Paths))
